<?xml version="1.0" encoding="UTF-8"?>
<!-- Generated by org.testng.reporters.JUnitXMLReporter -->
<testsuite ignored="0" hostname="RJ" failures="0" tests="8" name="userSignup" time="0.042" errors="0" timestamp="04 Dec 2023 17:41:21 GMT">
  <testcase classname="testNGPackage.FirstTestngClass" name="customersingup" time="0.004"/>
  <testcase classname="testNGPackage.FirstTestngClass" name="membersingup" time="0.002"/>
  <testcase classname="testNGPackage.FirstTestngClass" name="usersignup" time="0.001"/>
  <testcase classname="testNGPackage.FirstTestngClass" name="customerdetails" time="0.001"/>
  <testcase classname="testNGPackage.SecondTestngClass" name="customersingin" time="0.001"/>
  <testcase classname="testNGPackage.SecondTestngClass" name="membersingin" time="0.002"/>
  <testcase classname="testNGPackage.SecondTestngClass" name="usersignin" time="0.002"/>
  <testcase classname="testNGPackage.ParameterizationinTestNG" name="testmetnod" time="0.001"/>
</testsuite> <!-- userSignup -->
