<?xml version="1.0" encoding="UTF-8"?>
<!-- Generated by org.testng.reporters.JUnitXMLReporter -->
<testsuite ignored="0" hostname="RJ" failures="1" tests="1" name="Carloan" time="0.01" errors="0" timestamp="05 Dec 2023 15:16:01 GMT">
  <testcase classname="testNGPackage.ThirdTestNGClass" name="managerlogin" time="0.0">
    <failure type="org.testng.TestNGException" message="
Parameter &amp;apos;URL&amp;apos; is required by @Test on method managerlogin but has not been marked @Optional or defined
in C:\Users\Admin\eclipse-workspace\TestNGProject\testng.xml">
      <![CDATA[org.testng.TestNGException: 
Parameter 'URL' is required by @Test on method managerlogin but has not been marked @Optional or defined
in C:\Users\Admin\eclipse-workspace\TestNGProject\testng.xml
... Removed 23 stack frames]]>
    </failure>
  </testcase> <!-- managerlogin -->
</testsuite> <!-- Carloan -->
