<?xml version="1.0" encoding="UTF-8"?>
<!-- Generated by org.testng.reporters.JUnitXMLReporter -->
<testsuite ignored="2" hostname="RJ" failures="0" tests="5" name="homeloan" time="0.032" errors="0" timestamp="05 Dec 2023 16:51:13 GMT">
  <testcase classname="testNGPackage.SecondTestngClass" name="usersignin" time="0.009"/>
  <testcase classname="testNGPackage.FirstTestngClass" name="customersingup" time="0.002"/>
  <testcase classname="testNGPackage.FirstTestngClass" name="membersingup" time="0.001"/>
  <testcase classname="testNGPackage.FirstTestngClass" name="usersignup" time="0.001"/>
  <testcase classname="testNGPackage.FirstTestngClass" name="customerdetails" time="0.0"/>
  <testcase classname="testNGPackage.SecondTestngClass" name="customersingin" time="0.0">
    <ignored/>
  </testcase> <!-- customersingin -->
  <testcase classname="testNGPackage.SecondTestngClass" name="membersingin" time="0.0">
    <ignored/>
  </testcase> <!-- membersingin -->
</testsuite> <!-- homeloan -->
