<?xml version="1.0" encoding="UTF-8"?>
<!-- Generated by org.testng.reporters.JUnitXMLReporter -->
<testsuite ignored="0" hostname="RJ" failures="0" tests="6" name="Test" time="0.029" errors="0" timestamp="27 Nov 2023 06:44:07 GMT">
  <testcase classname="testNGPackage.FirstTestngClass" name="customersingup" time="0.006"/>
  <testcase classname="testNGPackage.FirstTestngClass" name="membersingup" time="0.001"/>
  <testcase classname="testNGPackage.FirstTestngClass" name="usersignup" time="0.0"/>
  <testcase classname="testNGPackage.SecondTestngClass" name="customersingin" time="0.001"/>
  <testcase classname="testNGPackage.SecondTestngClass" name="membersingin" time="0.001"/>
  <testcase classname="testNGPackage.SecondTestngClass" name="usersignin" time="0.001"/>
</testsuite> <!-- Test -->
