<?xml version="1.0" encoding="UTF-8"?>
<!-- Generated by org.testng.reporters.JUnitXMLReporter -->
<testsuite ignored="0" hostname="RJ" failures="0" tests="3" name="userSigin" time="0.005" errors="0" timestamp="27 Nov 2023 07:09:14 GMT">
  <testcase classname="testNGPackage.SecondTestngClass" name="customersingin" time="0.001"/>
  <testcase classname="testNGPackage.SecondTestngClass" name="membersingin" time="0.0"/>
  <testcase classname="testNGPackage.SecondTestngClass" name="usersignin" time="0.0"/>
</testsuite> <!-- userSigin -->
