<?xml version="1.0" encoding="UTF-8"?>
<testng-results ignored="0" total="2" passed="2" failed="0" skipped="0">
  <reporter-output>
  </reporter-output>
  <suite started-at="2024-01-18T09:13:51Z" name="Default suite" finished-at="2024-01-18T09:13:56Z" duration-ms="4767">
    <groups>
    </groups>
    <test started-at="2024-01-18T09:13:51Z" name="Default test" finished-at="2024-01-18T09:13:56Z" duration-ms="4767">
      <class name="testNGPackage.LoginPage">
        <test-method is-config="true" signature="setup()[pri:0, instance:testNGPackage.LoginPage@7fc229ab]" started-at="2024-01-18T14:43:51Z" name="setup" finished-at="2024-01-18T14:43:54Z" duration-ms="2284" status="PASS">
          <reporter-output>
          </reporter-output>
        </test-method> <!-- setup -->
        <test-method signature="launchChromeBrowser()[pri:1, instance:testNGPackage.LoginPage@7fc229ab]" started-at="2024-01-18T14:43:54Z" name="launchChromeBrowser" finished-at="2024-01-18T14:43:54Z" duration-ms="199" status="PASS">
          <reporter-output>
          </reporter-output>
        </test-method> <!-- launchChromeBrowser -->
        <test-method signature="invalidLoginTest1()[pri:2, instance:testNGPackage.LoginPage@7fc229ab]" started-at="2024-01-18T14:43:54Z" name="invalidLoginTest1" finished-at="2024-01-18T14:43:56Z" duration-ms="2180" status="PASS">
          <reporter-output>
          </reporter-output>
        </test-method> <!-- invalidLoginTest1 -->
      </class> <!-- testNGPackage.LoginPage -->
    </test> <!-- Default test -->
  </suite> <!-- Default suite -->
</testng-results>
